#0 building with "desktop-linux" instance using docker driver

#1 [internal] load .dockerignore
#1 transferring context: 2B 0.0s done
#1 DONE 0.1s

#2 [internal] load build definition from Dockerfile
#2 transferring dockerfile: 374B 0.0s done
#2 DONE 0.1s

#3 [internal] load metadata for docker.io/library/node:18
#3 DONE 0.0s

#4 [internal] load metadata for docker.io/library/node:16
#4 ...

#5 [auth] library/node:pull token for registry-1.docker.io
#5 DONE 0.0s

#4 [internal] load metadata for docker.io/library/node:16
#4 DONE 2.3s

#6 [stage-1 1/6] FROM docker.io/library/node:18
#6 DONE 0.0s

#7 [stage-1 2/6] WORKDIR /app
#7 CACHED

#8 [build 1/7] FROM docker.io/library/node:16@sha256:f77a1aef2da8d83e45ec990f45df50f1a286c5fe8bbfb8c6e4246c6389705c0b
#8 resolve docker.io/library/node:16@sha256:f77a1aef2da8d83e45ec990f45df50f1a286c5fe8bbfb8c6e4246c6389705c0b 0.0s done
#8 sha256:7e9bf114588c05b2df612b083b96582f3b8dbf51647aa6138a50d09d42df2454 0B / 17.58MB 0.1s
#8 sha256:311da6c465ea1576925360eba391bcd32dece9be95960a0bc9ffcb25fe712017 0B / 50.50MB 0.1s
#8 sha256:c94b82f9827cab6e421b350965a9ef11b25b13ffbd1030536203d541f55dcbe2 2.00kB / 2.00kB done
#8 sha256:1ddc7e4055fdb6f6bf31063b593befda814294f9f904b6ddfc21ab1513bafa8e 7.23kB / 7.23kB done
#8 sha256:ffd9397e94b74abcb54e514f1430e00f604328d1f895eadbd482f08cc02444e5 0B / 51.89MB 0.1s
#8 sha256:f77a1aef2da8d83e45ec990f45df50f1a286c5fe8bbfb8c6e4246c6389705c0b 776B / 776B done
#8 sha256:7e9bf114588c05b2df612b083b96582f3b8dbf51647aa6138a50d09d42df2454 1.05MB / 17.58MB 0.7s
#8 sha256:7e9bf114588c05b2df612b083b96582f3b8dbf51647aa6138a50d09d42df2454 2.10MB / 17.58MB 1.6s
#8 sha256:7e9bf114588c05b2df612b083b96582f3b8dbf51647aa6138a50d09d42df2454 3.15MB / 17.58MB 3.6s
#8 sha256:311da6c465ea1576925360eba391bcd32dece9be95960a0bc9ffcb25fe712017 3.15MB / 50.50MB 3.8s
#8 sha256:ffd9397e94b74abcb54e514f1430e00f604328d1f895eadbd482f08cc02444e5 2.10MB / 51.89MB 5.2s
#8 ...

#9 [internal] load build context
#9 transferring context: 2.94MB 5.3s done
#9 DONE 5.7s

#8 [build 1/7] FROM docker.io/library/node:16@sha256:f77a1aef2da8d83e45ec990f45df50f1a286c5fe8bbfb8c6e4246c6389705c0b
#8 sha256:7e9bf114588c05b2df612b083b96582f3b8dbf51647aa6138a50d09d42df2454 4.19MB / 17.58MB 6.9s
#8 sha256:311da6c465ea1576925360eba391bcd32dece9be95960a0bc9ffcb25fe712017 6.29MB / 50.50MB 7.0s
#8 sha256:ffd9397e94b74abcb54e514f1430e00f604328d1f895eadbd482f08cc02444e5 5.24MB / 51.89MB 8.4s
#8 sha256:7e9bf114588c05b2df612b083b96582f3b8dbf51647aa6138a50d09d42df2454 5.24MB / 17.58MB 9.9s
#8 sha256:311da6c465ea1576925360eba391bcd32dece9be95960a0bc9ffcb25fe712017 9.44MB / 50.50MB 10.4s
#8 sha256:ffd9397e94b74abcb54e514f1430e00f604328d1f895eadbd482f08cc02444e5 8.39MB / 51.89MB 12.1s
#8 sha256:7e9bf114588c05b2df612b083b96582f3b8dbf51647aa6138a50d09d42df2454 6.29MB / 17.58MB 12.8s
#8 sha256:311da6c465ea1576925360eba391bcd32dece9be95960a0bc9ffcb25fe712017 12.58MB / 50.50MB 14.5s
#8 sha256:7e9bf114588c05b2df612b083b96582f3b8dbf51647aa6138a50d09d42df2454 7.34MB / 17.58MB 14.8s
#8 sha256:ffd9397e94b74abcb54e514f1430e00f604328d1f895eadbd482f08cc02444e5 11.53MB / 51.89MB 15.9s
#8 sha256:7e9bf114588c05b2df612b083b96582f3b8dbf51647aa6138a50d09d42df2454 8.39MB / 17.58MB 17.0s
#8 sha256:311da6c465ea1576925360eba391bcd32dece9be95960a0bc9ffcb25fe712017 15.73MB / 50.50MB 17.6s
#8 sha256:7e9bf114588c05b2df612b083b96582f3b8dbf51647aa6138a50d09d42df2454 9.44MB / 17.58MB 19.5s
#8 sha256:ffd9397e94b74abcb54e514f1430e00f604328d1f895eadbd482f08cc02444e5 14.68MB / 51.89MB 19.9s
#8 sha256:311da6c465ea1576925360eba391bcd32dece9be95960a0bc9ffcb25fe712017 18.87MB / 50.50MB 20.6s
#8 sha256:7e9bf114588c05b2df612b083b96582f3b8dbf51647aa6138a50d09d42df2454 10.49MB / 17.58MB 21.7s
#8 sha256:7e9bf114588c05b2df612b083b96582f3b8dbf51647aa6138a50d09d42df2454 11.53MB / 17.58MB 23.7s
#8 sha256:311da6c465ea1576925360eba391bcd32dece9be95960a0bc9ffcb25fe712017 22.02MB / 50.50MB 23.9s
#8 sha256:ffd9397e94b74abcb54e514f1430e00f604328d1f895eadbd482f08cc02444e5 17.83MB / 51.89MB 24.1s
#8 sha256:7e9bf114588c05b2df612b083b96582f3b8dbf51647aa6138a50d09d42df2454 12.58MB / 17.58MB 25.4s
#8 sha256:7e9bf114588c05b2df612b083b96582f3b8dbf51647aa6138a50d09d42df2454 13.63MB / 17.58MB 27.0s
#8 sha256:311da6c465ea1576925360eba391bcd32dece9be95960a0bc9ffcb25fe712017 25.17MB / 50.50MB 27.8s
#8 sha256:7e9bf114588c05b2df612b083b96582f3b8dbf51647aa6138a50d09d42df2454 14.68MB / 17.58MB 28.5s
#8 sha256:ffd9397e94b74abcb54e514f1430e00f604328d1f895eadbd482f08cc02444e5 20.97MB / 51.89MB 28.7s
#8 sha256:7e9bf114588c05b2df612b083b96582f3b8dbf51647aa6138a50d09d42df2454 15.73MB / 17.58MB 30.0s
#8 sha256:7e9bf114588c05b2df612b083b96582f3b8dbf51647aa6138a50d09d42df2454 16.78MB / 17.58MB 31.6s
#8 sha256:311da6c465ea1576925360eba391bcd32dece9be95960a0bc9ffcb25fe712017 28.31MB / 50.50MB 31.7s
#8 sha256:7e9bf114588c05b2df612b083b96582f3b8dbf51647aa6138a50d09d42df2454 17.58MB / 17.58MB 32.7s done
#8 sha256:513d779256048c961239af5f500589330546b072775217272e19ffae1635e98e 0B / 191.90MB 32.8s
#8 sha256:ffd9397e94b74abcb54e514f1430e00f604328d1f895eadbd482f08cc02444e5 24.12MB / 51.89MB 33.2s
#8 sha256:311da6c465ea1576925360eba391bcd32dece9be95960a0bc9ffcb25fe712017 31.46MB / 50.50MB 35.4s
#8 sha256:ffd9397e94b74abcb54e514f1430e00f604328d1f895eadbd482f08cc02444e5 27.26MB / 51.89MB 37.8s
#8 sha256:513d779256048c961239af5f500589330546b072775217272e19ffae1635e98e 2.10MB / 191.90MB 37.9s
#8 sha256:311da6c465ea1576925360eba391bcd32dece9be95960a0bc9ffcb25fe712017 34.60MB / 50.50MB 39.4s
#8 sha256:ffd9397e94b74abcb54e514f1430e00f604328d1f895eadbd482f08cc02444e5 30.41MB / 51.89MB 42.6s
#8 sha256:513d779256048c961239af5f500589330546b072775217272e19ffae1635e98e 6.29MB / 191.90MB 43.0s
#8 sha256:311da6c465ea1576925360eba391bcd32dece9be95960a0bc9ffcb25fe712017 37.75MB / 50.50MB 43.3s
#8 sha256:311da6c465ea1576925360eba391bcd32dece9be95960a0bc9ffcb25fe712017 40.89MB / 50.50MB 47.1s
#8 sha256:ffd9397e94b74abcb54e514f1430e00f604328d1f895eadbd482f08cc02444e5 33.55MB / 51.89MB 47.4s
#8 sha256:513d779256048c961239af5f500589330546b072775217272e19ffae1635e98e 9.44MB / 191.90MB 48.0s
#8 sha256:311da6c465ea1576925360eba391bcd32dece9be95960a0bc9ffcb25fe712017 44.04MB / 50.50MB 51.3s
#8 sha256:ffd9397e94b74abcb54e514f1430e00f604328d1f895eadbd482f08cc02444e5 36.70MB / 51.89MB 52.0s
#8 sha256:513d779256048c961239af5f500589330546b072775217272e19ffae1635e98e 12.58MB / 191.90MB 53.1s
#8 sha256:ffd9397e94b74abcb54e514f1430e00f604328d1f895eadbd482f08cc02444e5 39.85MB / 51.89MB 55.2s
#8 sha256:311da6c465ea1576925360eba391bcd32dece9be95960a0bc9ffcb25fe712017 45.09MB / 50.50MB 56.3s
#8 sha256:513d779256048c961239af5f500589330546b072775217272e19ffae1635e98e 16.78MB / 191.90MB 58.1s
#8 sha256:311da6c465ea1576925360eba391bcd32dece9be95960a0bc9ffcb25fe712017 48.23MB / 50.50MB 58.8s
#8 sha256:ffd9397e94b74abcb54e514f1430e00f604328d1f895eadbd482f08cc02444e5 42.99MB / 51.89MB 60.1s
#8 sha256:311da6c465ea1576925360eba391bcd32dece9be95960a0bc9ffcb25fe712017 50.50MB / 50.50MB 60.9s done
#8 extracting sha256:311da6c465ea1576925360eba391bcd32dece9be95960a0bc9ffcb25fe712017
#8 sha256:ae3b95bbaa61ce24cefdd89e7c74d6fbd7713b2bcae93af47063d06bd7e02172 0B / 4.20kB 61.2s
#8 sha256:ae3b95bbaa61ce24cefdd89e7c74d6fbd7713b2bcae93af47063d06bd7e02172 4.20kB / 4.20kB 61.7s done
#8 sha256:0e421f66aff42bb069dffc26af6d132194b22a1082b08c5ef7cd69c627783c04 0B / 34.79MB 61.8s
#8 sha256:513d779256048c961239af5f500589330546b072775217272e19ffae1635e98e 19.92MB / 191.90MB 63.3s
#8 sha256:ffd9397e94b74abcb54e514f1430e00f604328d1f895eadbd482f08cc02444e5 46.14MB / 51.89MB 64.2s
#8 sha256:0e421f66aff42bb069dffc26af6d132194b22a1082b08c5ef7cd69c627783c04 2.10MB / 34.79MB 64.4s
#8 extracting sha256:311da6c465ea1576925360eba391bcd32dece9be95960a0bc9ffcb25fe712017 5.2s
#8 sha256:0e421f66aff42bb069dffc26af6d132194b22a1082b08c5ef7cd69c627783c04 4.19MB / 34.79MB 66.4s
#8 sha256:513d779256048c961239af5f500589330546b072775217272e19ffae1635e98e 23.07MB / 191.90MB 68.3s
#8 sha256:0e421f66aff42bb069dffc26af6d132194b22a1082b08c5ef7cd69c627783c04 6.29MB / 34.79MB 68.8s
#8 sha256:ffd9397e94b74abcb54e514f1430e00f604328d1f895eadbd482f08cc02444e5 48.23MB / 51.89MB 69.2s
#8 extracting sha256:311da6c465ea1576925360eba391bcd32dece9be95960a0bc9ffcb25fe712017 10.6s
#8 sha256:0e421f66aff42bb069dffc26af6d132194b22a1082b08c5ef7cd69c627783c04 8.39MB / 34.79MB 72.0s
#8 sha256:ffd9397e94b74abcb54e514f1430e00f604328d1f895eadbd482f08cc02444e5 51.38MB / 51.89MB 72.5s
#8 sha256:ffd9397e94b74abcb54e514f1430e00f604328d1f895eadbd482f08cc02444e5 51.89MB / 51.89MB 73.1s done
#8 sha256:ca266fd6192108b67fb57b74753a8c4ca5d8bd458baae3d4df7ce9f42dedcc1d 0B / 2.27MB 73.2s
#8 sha256:513d779256048c961239af5f500589330546b072775217272e19ffae1635e98e 27.26MB / 191.90MB 73.5s
#8 extracting sha256:311da6c465ea1576925360eba391bcd32dece9be95960a0bc9ffcb25fe712017 13.1s done
#8 extracting sha256:7e9bf114588c05b2df612b083b96582f3b8dbf51647aa6138a50d09d42df2454
#8 sha256:0e421f66aff42bb069dffc26af6d132194b22a1082b08c5ef7cd69c627783c04 10.49MB / 34.79MB 74.6s
#8 sha256:ca266fd6192108b67fb57b74753a8c4ca5d8bd458baae3d4df7ce9f42dedcc1d 1.05MB / 2.27MB 75.5s
#8 extracting sha256:7e9bf114588c05b2df612b083b96582f3b8dbf51647aa6138a50d09d42df2454 1.9s done
#8 extracting sha256:ffd9397e94b74abcb54e514f1430e00f604328d1f895eadbd482f08cc02444e5
#8 sha256:ca266fd6192108b67fb57b74753a8c4ca5d8bd458baae3d4df7ce9f42dedcc1d 2.10MB / 2.27MB 77.2s
#8 sha256:ca266fd6192108b67fb57b74753a8c4ca5d8bd458baae3d4df7ce9f42dedcc1d 2.27MB / 2.27MB 77.2s done
#8 sha256:ee7d78be1eb92caf6ae84fc3af736b23eca018d5dedc967ae5bdee6d7082403b 0B / 450B 77.3s
#8 sha256:0e421f66aff42bb069dffc26af6d132194b22a1082b08c5ef7cd69c627783c04 12.58MB / 34.79MB 77.6s
#8 sha256:ee7d78be1eb92caf6ae84fc3af736b23eca018d5dedc967ae5bdee6d7082403b 450B / 450B 77.5s done
#8 sha256:513d779256048c961239af5f500589330546b072775217272e19ffae1635e98e 31.46MB / 191.90MB 78.6s
#8 sha256:0e421f66aff42bb069dffc26af6d132194b22a1082b08c5ef7cd69c627783c04 14.68MB / 34.79MB 79.9s
#8 extracting sha256:ffd9397e94b74abcb54e514f1430e00f604328d1f895eadbd482f08cc02444e5 5.1s
#8 sha256:0e421f66aff42bb069dffc26af6d132194b22a1082b08c5ef7cd69c627783c04 16.78MB / 34.79MB 82.0s
#8 sha256:513d779256048c961239af5f500589330546b072775217272e19ffae1635e98e 36.70MB / 191.90MB 83.6s
#8 sha256:0e421f66aff42bb069dffc26af6d132194b22a1082b08c5ef7cd69c627783c04 18.87MB / 34.79MB 84.1s
#8 sha256:0e421f66aff42bb069dffc26af6d132194b22a1082b08c5ef7cd69c627783c04 20.97MB / 34.79MB 86.1s
#8 extracting sha256:ffd9397e94b74abcb54e514f1430e00f604328d1f895eadbd482f08cc02444e5 10.5s
#8 sha256:0e421f66aff42bb069dffc26af6d132194b22a1082b08c5ef7cd69c627783c04 23.07MB / 34.79MB 88.1s
#8 sha256:513d779256048c961239af5f500589330546b072775217272e19ffae1635e98e 41.94MB / 191.90MB 88.6s
#8 sha256:0e421f66aff42bb069dffc26af6d132194b22a1082b08c5ef7cd69c627783c04 25.17MB / 34.79MB 90.4s
#8 extracting sha256:ffd9397e94b74abcb54e514f1430e00f604328d1f895eadbd482f08cc02444e5 14.9s done
#8 sha256:0e421f66aff42bb069dffc26af6d132194b22a1082b08c5ef7cd69c627783c04 27.26MB / 34.79MB 92.5s
#8 sha256:513d779256048c961239af5f500589330546b072775217272e19ffae1635e98e 47.19MB / 191.90MB 93.6s
#8 sha256:0e421f66aff42bb069dffc26af6d132194b22a1082b08c5ef7cd69c627783c04 29.36MB / 34.79MB 94.5s
#8 sha256:0e421f66aff42bb069dffc26af6d132194b22a1082b08c5ef7cd69c627783c04 31.46MB / 34.79MB 96.6s
#8 sha256:513d779256048c961239af5f500589330546b072775217272e19ffae1635e98e 52.43MB / 191.90MB 98.6s
#8 sha256:0e421f66aff42bb069dffc26af6d132194b22a1082b08c5ef7cd69c627783c04 33.55MB / 34.79MB 98.6s
#8 sha256:0e421f66aff42bb069dffc26af6d132194b22a1082b08c5ef7cd69c627783c04 34.79MB / 34.79MB 100.2s done
#8 sha256:513d779256048c961239af5f500589330546b072775217272e19ffae1635e98e 62.89MB / 191.90MB 103.8s
#8 sha256:513d779256048c961239af5f500589330546b072775217272e19ffae1635e98e 73.40MB / 191.90MB 108.4s
#8 sha256:513d779256048c961239af5f500589330546b072775217272e19ffae1635e98e 83.89MB / 191.90MB 112.9s
#8 sha256:513d779256048c961239af5f500589330546b072775217272e19ffae1635e98e 94.37MB / 191.90MB 117.4s
#8 sha256:513d779256048c961239af5f500589330546b072775217272e19ffae1635e98e 104.86MB / 191.90MB 121.9s
#8 sha256:513d779256048c961239af5f500589330546b072775217272e19ffae1635e98e 115.34MB / 191.90MB 126.4s
#8 sha256:513d779256048c961239af5f500589330546b072775217272e19ffae1635e98e 125.83MB / 191.90MB 131.0s
#8 sha256:513d779256048c961239af5f500589330546b072775217272e19ffae1635e98e 136.31MB / 191.90MB 135.4s
#8 sha256:513d779256048c961239af5f500589330546b072775217272e19ffae1635e98e 146.80MB / 191.90MB 140.0s
#8 sha256:513d779256048c961239af5f500589330546b072775217272e19ffae1635e98e 157.29MB / 191.90MB 144.5s
#8 sha256:513d779256048c961239af5f500589330546b072775217272e19ffae1635e98e 167.77MB / 191.90MB 149.1s
#8 sha256:513d779256048c961239af5f500589330546b072775217272e19ffae1635e98e 178.26MB / 191.90MB 154.2s
#8 sha256:513d779256048c961239af5f500589330546b072775217272e19ffae1635e98e 188.74MB / 191.90MB 158.6s
#8 sha256:513d779256048c961239af5f500589330546b072775217272e19ffae1635e98e 191.90MB / 191.90MB 159.9s done
#8 extracting sha256:513d779256048c961239af5f500589330546b072775217272e19ffae1635e98e
#8 extracting sha256:513d779256048c961239af5f500589330546b072775217272e19ffae1635e98e 5.3s
#8 extracting sha256:513d779256048c961239af5f500589330546b072775217272e19ffae1635e98e 10.5s
#8 extracting sha256:513d779256048c961239af5f500589330546b072775217272e19ffae1635e98e 15.5s
#8 extracting sha256:513d779256048c961239af5f500589330546b072775217272e19ffae1635e98e 20.7s
#8 extracting sha256:513d779256048c961239af5f500589330546b072775217272e19ffae1635e98e 26.0s
#8 extracting sha256:513d779256048c961239af5f500589330546b072775217272e19ffae1635e98e 30.9s done
#8 extracting sha256:ae3b95bbaa61ce24cefdd89e7c74d6fbd7713b2bcae93af47063d06bd7e02172 done
#8 extracting sha256:0e421f66aff42bb069dffc26af6d132194b22a1082b08c5ef7cd69c627783c04
#8 extracting sha256:0e421f66aff42bb069dffc26af6d132194b22a1082b08c5ef7cd69c627783c04 4.8s done
#8 extracting sha256:ca266fd6192108b67fb57b74753a8c4ca5d8bd458baae3d4df7ce9f42dedcc1d
#8 extracting sha256:ca266fd6192108b67fb57b74753a8c4ca5d8bd458baae3d4df7ce9f42dedcc1d 0.1s done
#8 extracting sha256:ee7d78be1eb92caf6ae84fc3af736b23eca018d5dedc967ae5bdee6d7082403b done
#8 DONE 197.0s

#10 [build 2/7] WORKDIR /app
#10 DONE 1.9s

#11 [build 3/7] COPY package*.json ./
#11 DONE 0.5s

#12 [build 4/7] RUN npm install
#12 1.493 npm WARN EBADENGINE Unsupported engine {
#12 1.493 npm WARN EBADENGINE   package: '@firebase/vertexai-preview@0.0.3',
#12 1.493 npm WARN EBADENGINE   required: { node: '>=18.0.0' },
#12 1.494 npm WARN EBADENGINE   current: { node: 'v16.20.2', npm: '8.19.4' }
#12 1.494 npm WARN EBADENGINE }
#12 1.496 npm WARN EBADENGINE Unsupported engine {
#12 1.496 npm WARN EBADENGINE   package: '@google/generative-ai@0.12.0',
#12 1.496 npm WARN EBADENGINE   required: { node: '>=18.0.0' },
#12 1.496 npm WARN EBADENGINE   current: { node: 'v16.20.2', npm: '8.19.4' }
#12 1.496 npm WARN EBADENGINE }
#12 1.501 npm WARN EBADENGINE Unsupported engine {
#12 1.501 npm WARN EBADENGINE   package: 'marked@13.0.3',
#12 1.501 npm WARN EBADENGINE   required: { node: '>= 18' },
#12 1.501 npm WARN EBADENGINE   current: { node: 'v16.20.2', npm: '8.19.4' }
#12 1.501 npm WARN EBADENGINE }
#12 1.502 npm WARN EBADENGINE Unsupported engine {
#12 1.502 npm WARN EBADENGINE   package: 'next@14.2.8',
#12 1.502 npm WARN EBADENGINE   required: { node: '>=18.17.0' },
#12 1.502 npm WARN EBADENGINE   current: { node: 'v16.20.2', npm: '8.19.4' }
#12 1.502 npm WARN EBADENGINE }
#12 1.505 npm WARN EBADENGINE Unsupported engine {
#12 1.505 npm WARN EBADENGINE   package: 'undici@6.19.7',
#12 1.505 npm WARN EBADENGINE   required: { node: '>=18.17' },
#12 1.505 npm WARN EBADENGINE   current: { node: 'v16.20.2', npm: '8.19.4' }
#12 1.505 npm WARN EBADENGINE }
#12 9.068 npm WARN deprecated rimraf@3.0.2: Rimraf versions prior to v4 are no longer supported
#12 11.92 npm WARN deprecated inflight@1.0.6: This module is not supported, and leaks memory. Do not use it. Check out lru-cache if you want a good and tested way to coalesce async requests by a key value, which is much more comprehensive and powerful.
#12 15.80 npm WARN deprecated @types/webspeechapi@0.0.29: Now provided by --lib dom
#12 17.70 npm WARN deprecated @humanwhocodes/config-array@0.11.14: Use @eslint/config-array instead
#12 17.90 npm WARN deprecated @humanwhocodes/object-schema@2.0.3: Use @eslint/object-schema instead
#12 23.75 npm WARN deprecated glob@7.2.3: Glob versions prior to v9 are no longer supported
#12 80.73 
#12 80.73 added 500 packages, and audited 501 packages in 1m
#12 80.73 
#12 80.73 143 packages are looking for funding
#12 80.73   run `npm fund` for details
#12 80.73 
#12 80.73 found 0 vulnerabilities
#12 80.73 npm notice 
#12 80.73 npm notice New major version of npm available! 8.19.4 -> 10.8.3
#12 80.73 npm notice Changelog: <https://github.com/npm/cli/releases/tag/v10.8.3>
#12 80.73 npm notice Run `npm install -g npm@10.8.3` to update!
#12 80.73 npm notice 
#12 DONE 82.2s

#13 [build 5/7] COPY . .
#13 DONE 31.3s

#14 [build 6/7] RUN npm cache clean --force
#14 0.893 npm WARN using --force Recommended protections disabled.
#14 DONE 2.0s

#15 [build 7/7] RUN npm run build
#15 0.833 
#15 0.833 > frontend@0.1.0 build
#15 0.833 > next build
#15 0.833 
#15 0.940 You are using Node.js 16.20.2. For Next.js, Node.js version >= v18.17.0 is required.
#15 ERROR: process "/bin/sh -c npm run build" did not complete successfully: exit code: 1
------
 > [build 7/7] RUN npm run build:
0.833 
0.833 > frontend@0.1.0 build
0.833 > next build
0.833 
0.940 You are using Node.js 16.20.2. For Next.js, Node.js version >= v18.17.0 is required.
------
Dockerfile:12
--------------------
  10 |     RUN npm cache clean --force
  11 |     
  12 | >>> RUN npm run build
  13 |     
  14 |     FROM node:18
--------------------
ERROR: failed to solve: process "/bin/sh -c npm run build" did not complete successfully: exit code: 1
